<?xml version="1.0" encoding="UTF-8"?>
<!-- Generated by org.testng.reporters.JUnitReportReporter -->
<testsuite hostname="DESKTOP-JRT7USL" failures="0" tests="1" name="Module1_Login_Test.SwagLabLoginTest" time="7.197" errors="0" timestamp="2024-11-26T14:57:55 IST" skipped="0">
  <testcase classname="Module1_Login_Test.SwagLabLoginTest" name="verifyLogo" time="7.197"/>
</testsuite> <!-- Module1_Login_Test.SwagLabLoginTest -->
