<?xml version="1.0" encoding="UTF-8"?>
<!-- Generated by org.testng.reporters.JUnitReportReporter -->
<testsuite hostname="DESKTOP-JRT7USL" failures="0" tests="1" name="Module1_Login_Test.SwagLabLoginTest" time="8.387" errors="0" timestamp="2024-12-18T14:18:55 IST" skipped="0">
  <testcase classname="Module1_Login_Test.SwagLabLoginTest" name="verifyLogo" time="8.387"/>
</testsuite> <!-- Module1_Login_Test.SwagLabLoginTest -->
